<?xml version="1.0" encoding="UTF-8"?>
<!-- Generated by org.testng.reporters.JUnitReportReporter -->
<testsuite hostname="IDGINC-1Z6ML86" failures="0" tests="1" name="com.herokuapp.theinternet.PositiveTests" time="30.471" errors="0" timestamp="2024-02-20T21:38:02 EST" skipped="0">
  <testcase classname="com.herokuapp.theinternet.PositiveTests" name="loginTest" time="30.471"/>
</testsuite> <!-- com.herokuapp.theinternet.PositiveTests -->
